[INFO][main][2018-04-25 15:41:31][org.springframework.test.context.support.AbstractTestContextBootstrapper] - Loaded default TestExecutionListener class names from location [META-INF/spring.factories]: [org.springframework.test.context.web.ServletTestExecutionListener, org.springframework.test.context.support.DirtiesContextBeforeModesTestExecutionListener, org.springframework.test.context.support.DependencyInjectionTestExecutionListener, org.springframework.test.context.support.DirtiesContextTestExecutionListener, org.springframework.test.context.transaction.TransactionalTestExecutionListener, org.springframework.test.context.jdbc.SqlScriptsTestExecutionListener]
[INFO][main][2018-04-25 15:41:31][org.springframework.test.context.support.AbstractTestContextBootstrapper] - Using TestExecutionListeners: [org.springframework.test.context.web.ServletTestExecutionListener@5c7fa833, org.springframework.test.context.support.DirtiesContextBeforeModesTestExecutionListener@39aeed2f, org.springframework.test.context.support.DependencyInjectionTestExecutionListener@724af044, org.springframework.test.context.support.DirtiesContextTestExecutionListener@4678c730, org.springframework.test.context.transaction.TransactionalTestExecutionListener@6767c1fc, org.springframework.test.context.jdbc.SqlScriptsTestExecutionListener@29ee9faa]
[INFO][main][2018-04-25 15:41:31][org.springframework.beans.factory.xml.XmlBeanDefinitionReader] - Loading XML bean definitions from file [/Users/lalala/Downloads/web_server/target/classes/spring/spring-service.xml]
[INFO][main][2018-04-25 15:41:32][org.springframework.beans.factory.xml.XmlBeanDefinitionReader] - Loading XML bean definitions from file [/Users/lalala/Downloads/web_server/target/classes/spring/spring-web.xml]
[INFO][main][2018-04-25 15:41:32][org.springframework.beans.factory.xml.XmlBeanDefinitionReader] - Loading XML bean definitions from file [/Users/lalala/Downloads/web_server/target/classes/spring/spring-dao.xml]
[INFO][main][2018-04-25 15:41:32][org.springframework.beans.factory.support.DefaultListableBeanFactory] - Overriding bean definition for bean 'dataSource' with a different definition: replacing [Root bean: class [org.springframework.jdbc.datasource.embedded.EmbeddedDatabaseFactoryBean]; scope=; abstract=false; lazyInit=false; autowireMode=0; dependencyCheck=0; autowireCandidate=true; primary=false; factoryBeanName=null; factoryMethodName=null; initMethodName=null; destroyMethodName=null] with [Generic bean: class [com.alibaba.druid.pool.DruidDataSource]; scope=; abstract=false; lazyInit=false; autowireMode=0; dependencyCheck=0; autowireCandidate=true; primary=false; factoryBeanName=null; factoryMethodName=null; initMethodName=init; destroyMethodName=close; defined in file [/Users/lalala/Downloads/web_server/target/classes/spring/spring-dao.xml]]
[INFO][main][2018-04-25 15:41:32][org.springframework.context.support.AbstractApplicationContext] - Refreshing org.springframework.context.support.GenericApplicationContext@6e1567f1: startup date [Wed Apr 25 15:41:32 CST 2018]; root of context hierarchy
[INFO][main][2018-04-25 15:41:32][org.springframework.core.io.support.PropertiesLoaderSupport] - Loading properties file from class path resource [dbinfo.properties]
[INFO][main][2018-04-25 15:41:32][org.springframework.beans.factory.annotation.AutowiredAnnotationBeanPostProcessor] - JSR-330 'javax.inject.Inject' annotation found and supported for autowiring
[INFO][main][2018-04-25 15:41:33][com.alibaba.druid.pool.DruidDataSource] - {dataSource-1} inited
[WARN][main][2018-04-25 15:41:33][org.springframework.context.support.AbstractApplicationContext] - Exception encountered during context initialization - cancelling refresh attempt: org.springframework.beans.factory.BeanCreationException: Error creating bean with name 'userServiceImpl': Injection of resource dependencies failed; nested exception is org.springframework.beans.factory.BeanCreationException: Error creating bean with name 'tbUserMapper' defined in file [/Users/lalala/Downloads/web_server/target/classes/com/webserver/dao/TbUserMapper.class]: Cannot resolve reference to bean 'sqlSessionFactory' while setting bean property 'sqlSessionFactory'; nested exception is org.springframework.beans.factory.BeanCreationException: Error creating bean with name 'sqlSessionFactory' defined in file [/Users/lalala/Downloads/web_server/target/classes/spring/spring-dao.xml]: Invocation of init method failed; nested exception is org.springframework.core.NestedIOException: Failed to parse mapping resource: 'file [/Users/lalala/Downloads/web_server/target/classes/mapper/TbUserMapper.xml]'; nested exception is org.apache.ibatis.builder.BuilderException: Error parsing Mapper XML. Cause: org.apache.ibatis.builder.BuilderException: Error resolving class. Cause: org.apache.ibatis.type.TypeException: Could not resolve type alias 'User'.  Cause: java.lang.ClassNotFoundException: Cannot find class: User
[INFO][main][2018-04-25 15:41:33][com.alibaba.druid.pool.DruidDataSource] - {dataSource-1} closed
[ERROR][main][2018-04-25 15:41:33][org.springframework.test.context.TestContextManager] - Caught exception while allowing TestExecutionListener [org.springframework.test.context.support.DependencyInjectionTestExecutionListener@724af044] to prepare test instance [com.webserver.service.UserServiceTest@4816278d]
java.lang.IllegalStateException: Failed to load ApplicationContext
	at org.springframework.test.context.cache.DefaultCacheAwareContextLoaderDelegate.loadContext(DefaultCacheAwareContextLoaderDelegate.java:124)
	at org.springframework.test.context.support.DefaultTestContext.getApplicationContext(DefaultTestContext.java:83)
	at org.springframework.test.context.support.DependencyInjectionTestExecutionListener.injectDependencies(DependencyInjectionTestExecutionListener.java:117)
	at org.springframework.test.context.support.DependencyInjectionTestExecutionListener.prepareTestInstance(DependencyInjectionTestExecutionListener.java:83)
	at org.springframework.test.context.TestContextManager.prepareTestInstance(TestContextManager.java:228)
	at org.springframework.test.context.junit4.SpringJUnit4ClassRunner.createTest(SpringJUnit4ClassRunner.java:230)
	at org.springframework.test.context.junit4.SpringJUnit4ClassRunner$1.runReflectiveCall(SpringJUnit4ClassRunner.java:289)
	at org.junit.internal.runners.model.ReflectiveCallable.run(ReflectiveCallable.java:12)
	at org.springframework.test.context.junit4.SpringJUnit4ClassRunner.methodBlock(SpringJUnit4ClassRunner.java:291)
	at org.springframework.test.context.junit4.SpringJUnit4ClassRunner.runChild(SpringJUnit4ClassRunner.java:249)
	at org.springframework.test.context.junit4.SpringJUnit4ClassRunner.runChild(SpringJUnit4ClassRunner.java:89)
	at org.junit.runners.ParentRunner$3.run(ParentRunner.java:238)
	at org.junit.runners.ParentRunner$1.schedule(ParentRunner.java:63)
	at org.junit.runners.ParentRunner.runChildren(ParentRunner.java:236)
	at org.junit.runners.ParentRunner.access$000(ParentRunner.java:53)
	at org.junit.runners.ParentRunner$2.evaluate(ParentRunner.java:229)
	at org.springframework.test.context.junit4.statements.RunBeforeTestClassCallbacks.evaluate(RunBeforeTestClassCallbacks.java:61)
	at org.springframework.test.context.junit4.statements.RunAfterTestClassCallbacks.evaluate(RunAfterTestClassCallbacks.java:70)
	at org.junit.runners.ParentRunner.run(ParentRunner.java:309)
	at org.springframework.test.context.junit4.SpringJUnit4ClassRunner.run(SpringJUnit4ClassRunner.java:193)
	at org.junit.runner.JUnitCore.run(JUnitCore.java:160)
	at com.intellij.junit4.JUnit4IdeaTestRunner.startRunnerWithArgs(JUnit4IdeaTestRunner.java:68)
	at com.intellij.rt.execution.junit.IdeaTestRunner$Repeater.startRunnerWithArgs(IdeaTestRunner.java:47)
	at com.intellij.rt.execution.junit.JUnitStarter.prepareStreamsAndStart(JUnitStarter.java:242)
	at com.intellij.rt.execution.junit.JUnitStarter.main(JUnitStarter.java:70)
Caused by: org.springframework.beans.factory.BeanCreationException: Error creating bean with name 'userServiceImpl': Injection of resource dependencies failed; nested exception is org.springframework.beans.factory.BeanCreationException: Error creating bean with name 'tbUserMapper' defined in file [/Users/lalala/Downloads/web_server/target/classes/com/webserver/dao/TbUserMapper.class]: Cannot resolve reference to bean 'sqlSessionFactory' while setting bean property 'sqlSessionFactory'; nested exception is org.springframework.beans.factory.BeanCreationException: Error creating bean with name 'sqlSessionFactory' defined in file [/Users/lalala/Downloads/web_server/target/classes/spring/spring-dao.xml]: Invocation of init method failed; nested exception is org.springframework.core.NestedIOException: Failed to parse mapping resource: 'file [/Users/lalala/Downloads/web_server/target/classes/mapper/TbUserMapper.xml]'; nested exception is org.apache.ibatis.builder.BuilderException: Error parsing Mapper XML. Cause: org.apache.ibatis.builder.BuilderException: Error resolving class. Cause: org.apache.ibatis.type.TypeException: Could not resolve type alias 'User'.  Cause: java.lang.ClassNotFoundException: Cannot find class: User
	at org.springframework.context.annotation.CommonAnnotationBeanPostProcessor.postProcessPropertyValues(CommonAnnotationBeanPostProcessor.java:311)
	at org.springframework.beans.factory.support.AbstractAutowireCapableBeanFactory.populateBean(AbstractAutowireCapableBeanFactory.java:1214)
	at org.springframework.beans.factory.support.AbstractAutowireCapableBeanFactory.doCreateBean(AbstractAutowireCapableBeanFactory.java:543)
	at org.springframework.beans.factory.support.AbstractAutowireCapableBeanFactory.createBean(AbstractAutowireCapableBeanFactory.java:482)
	at org.springframework.beans.factory.support.AbstractBeanFactory$1.getObject(AbstractBeanFactory.java:306)
	at org.springframework.beans.factory.support.DefaultSingletonBeanRegistry.getSingleton(DefaultSingletonBeanRegistry.java:230)
	at org.springframework.beans.factory.support.AbstractBeanFactory.doGetBean(AbstractBeanFactory.java:302)
	at org.springframework.beans.factory.support.AbstractBeanFactory.getBean(AbstractBeanFactory.java:197)
	at org.springframework.beans.factory.support.DefaultListableBeanFactory.preInstantiateSingletons(DefaultListableBeanFactory.java:772)
	at org.springframework.context.support.AbstractApplicationContext.finishBeanFactoryInitialization(AbstractApplicationContext.java:839)
	at org.springframework.context.support.AbstractApplicationContext.refresh(AbstractApplicationContext.java:538)
	at org.springframework.test.context.support.AbstractGenericContextLoader.loadContext(AbstractGenericContextLoader.java:125)
	at org.springframework.test.context.support.AbstractGenericContextLoader.loadContext(AbstractGenericContextLoader.java:60)
	at org.springframework.test.context.support.AbstractDelegatingSmartContextLoader.delegateLoading(AbstractDelegatingSmartContextLoader.java:109)
	at org.springframework.test.context.support.AbstractDelegatingSmartContextLoader.loadContext(AbstractDelegatingSmartContextLoader.java:261)
	at org.springframework.test.context.cache.DefaultCacheAwareContextLoaderDelegate.loadContextInternal(DefaultCacheAwareContextLoaderDelegate.java:98)
	at org.springframework.test.context.cache.DefaultCacheAwareContextLoaderDelegate.loadContext(DefaultCacheAwareContextLoaderDelegate.java:116)
	... 24 more
Caused by: org.springframework.beans.factory.BeanCreationException: Error creating bean with name 'tbUserMapper' defined in file [/Users/lalala/Downloads/web_server/target/classes/com/webserver/dao/TbUserMapper.class]: Cannot resolve reference to bean 'sqlSessionFactory' while setting bean property 'sqlSessionFactory'; nested exception is org.springframework.beans.factory.BeanCreationException: Error creating bean with name 'sqlSessionFactory' defined in file [/Users/lalala/Downloads/web_server/target/classes/spring/spring-dao.xml]: Invocation of init method failed; nested exception is org.springframework.core.NestedIOException: Failed to parse mapping resource: 'file [/Users/lalala/Downloads/web_server/target/classes/mapper/TbUserMapper.xml]'; nested exception is org.apache.ibatis.builder.BuilderException: Error parsing Mapper XML. Cause: org.apache.ibatis.builder.BuilderException: Error resolving class. Cause: org.apache.ibatis.type.TypeException: Could not resolve type alias 'User'.  Cause: java.lang.ClassNotFoundException: Cannot find class: User
	at org.springframework.beans.factory.support.BeanDefinitionValueResolver.resolveReference(BeanDefinitionValueResolver.java:359)
	at org.springframework.beans.factory.support.BeanDefinitionValueResolver.resolveValueIfNecessary(BeanDefinitionValueResolver.java:108)
	at org.springframework.beans.factory.support.AbstractAutowireCapableBeanFactory.applyPropertyValues(AbstractAutowireCapableBeanFactory.java:1481)
	at org.springframework.beans.factory.support.AbstractAutowireCapableBeanFactory.populateBean(AbstractAutowireCapableBeanFactory.java:1226)
	at org.springframework.beans.factory.support.AbstractAutowireCapableBeanFactory.doCreateBean(AbstractAutowireCapableBeanFactory.java:543)
	at org.springframework.beans.factory.support.AbstractAutowireCapableBeanFactory.createBean(AbstractAutowireCapableBeanFactory.java:482)
	at org.springframework.beans.factory.support.AbstractBeanFactory$1.getObject(AbstractBeanFactory.java:306)
	at org.springframework.beans.factory.support.DefaultSingletonBeanRegistry.getSingleton(DefaultSingletonBeanRegistry.java:230)
	at org.springframework.beans.factory.support.AbstractBeanFactory.doGetBean(AbstractBeanFactory.java:302)
	at org.springframework.beans.factory.support.AbstractBeanFactory.getBean(AbstractBeanFactory.java:202)
	at org.springframework.context.annotation.CommonAnnotationBeanPostProcessor.autowireResource(CommonAnnotationBeanPostProcessor.java:512)
	at org.springframework.context.annotation.CommonAnnotationBeanPostProcessor.getResource(CommonAnnotationBeanPostProcessor.java:486)
	at org.springframework.context.annotation.CommonAnnotationBeanPostProcessor$ResourceElement.getResourceToInject(CommonAnnotationBeanPostProcessor.java:615)
	at org.springframework.beans.factory.annotation.InjectionMetadata$InjectedElement.inject(InjectionMetadata.java:169)
	at org.springframework.beans.factory.annotation.InjectionMetadata.inject(InjectionMetadata.java:88)
	at org.springframework.context.annotation.CommonAnnotationBeanPostProcessor.postProcessPropertyValues(CommonAnnotationBeanPostProcessor.java:308)
	... 40 more
Caused by: org.springframework.beans.factory.BeanCreationException: Error creating bean with name 'sqlSessionFactory' defined in file [/Users/lalala/Downloads/web_server/target/classes/spring/spring-dao.xml]: Invocation of init method failed; nested exception is org.springframework.core.NestedIOException: Failed to parse mapping resource: 'file [/Users/lalala/Downloads/web_server/target/classes/mapper/TbUserMapper.xml]'; nested exception is org.apache.ibatis.builder.BuilderException: Error parsing Mapper XML. Cause: org.apache.ibatis.builder.BuilderException: Error resolving class. Cause: org.apache.ibatis.type.TypeException: Could not resolve type alias 'User'.  Cause: java.lang.ClassNotFoundException: Cannot find class: User
	at org.springframework.beans.factory.support.AbstractAutowireCapableBeanFactory.initializeBean(AbstractAutowireCapableBeanFactory.java:1578)
	at org.springframework.beans.factory.support.AbstractAutowireCapableBeanFactory.doCreateBean(AbstractAutowireCapableBeanFactory.java:545)
	at org.springframework.beans.factory.support.AbstractAutowireCapableBeanFactory.createBean(AbstractAutowireCapableBeanFactory.java:482)
	at org.springframework.beans.factory.support.AbstractBeanFactory$1.getObject(AbstractBeanFactory.java:306)
	at org.springframework.beans.factory.support.DefaultSingletonBeanRegistry.getSingleton(DefaultSingletonBeanRegistry.java:230)
	at org.springframework.beans.factory.support.AbstractBeanFactory.doGetBean(AbstractBeanFactory.java:302)
	at org.springframework.beans.factory.support.AbstractBeanFactory.getBean(AbstractBeanFactory.java:197)
	at org.springframework.beans.factory.support.BeanDefinitionValueResolver.resolveReference(BeanDefinitionValueResolver.java:351)
	... 55 more
Caused by: org.springframework.core.NestedIOException: Failed to parse mapping resource: 'file [/Users/lalala/Downloads/web_server/target/classes/mapper/TbUserMapper.xml]'; nested exception is org.apache.ibatis.builder.BuilderException: Error parsing Mapper XML. Cause: org.apache.ibatis.builder.BuilderException: Error resolving class. Cause: org.apache.ibatis.type.TypeException: Could not resolve type alias 'User'.  Cause: java.lang.ClassNotFoundException: Cannot find class: User
	at org.mybatis.spring.SqlSessionFactoryBean.buildSqlSessionFactory(SqlSessionFactoryBean.java:466)
	at org.mybatis.spring.SqlSessionFactoryBean.afterPropertiesSet(SqlSessionFactoryBean.java:340)
	at org.springframework.beans.factory.support.AbstractAutowireCapableBeanFactory.invokeInitMethods(AbstractAutowireCapableBeanFactory.java:1637)
	at org.springframework.beans.factory.support.AbstractAutowireCapableBeanFactory.initializeBean(AbstractAutowireCapableBeanFactory.java:1574)
	... 62 more
Caused by: org.apache.ibatis.builder.BuilderException: Error parsing Mapper XML. Cause: org.apache.ibatis.builder.BuilderException: Error resolving class. Cause: org.apache.ibatis.type.TypeException: Could not resolve type alias 'User'.  Cause: java.lang.ClassNotFoundException: Cannot find class: User
	at org.apache.ibatis.builder.xml.XMLMapperBuilder.configurationElement(XMLMapperBuilder.java:120)
	at org.apache.ibatis.builder.xml.XMLMapperBuilder.parse(XMLMapperBuilder.java:92)
	at org.mybatis.spring.SqlSessionFactoryBean.buildSqlSessionFactory(SqlSessionFactoryBean.java:464)
	... 65 more
Caused by: org.apache.ibatis.builder.BuilderException: Error resolving class. Cause: org.apache.ibatis.type.TypeException: Could not resolve type alias 'User'.  Cause: java.lang.ClassNotFoundException: Cannot find class: User
	at org.apache.ibatis.builder.BaseBuilder.resolveClass(BaseBuilder.java:103)
	at org.apache.ibatis.builder.xml.XMLStatementBuilder.parseStatementNode(XMLStatementBuilder.java:66)
	at org.apache.ibatis.builder.xml.XMLMapperBuilder.buildStatementFromContext(XMLMapperBuilder.java:135)
	at org.apache.ibatis.builder.xml.XMLMapperBuilder.buildStatementFromContext(XMLMapperBuilder.java:128)
	at org.apache.ibatis.builder.xml.XMLMapperBuilder.configurationElement(XMLMapperBuilder.java:118)
	... 67 more
Caused by: org.apache.ibatis.type.TypeException: Could not resolve type alias 'User'.  Cause: java.lang.ClassNotFoundException: Cannot find class: User
	at org.apache.ibatis.type.TypeAliasRegistry.resolveAlias(TypeAliasRegistry.java:117)
	at org.apache.ibatis.builder.BaseBuilder.resolveAlias(BaseBuilder.java:130)
	at org.apache.ibatis.builder.BaseBuilder.resolveClass(BaseBuilder.java:101)
	... 71 more
Caused by: java.lang.ClassNotFoundException: Cannot find class: User
	at org.apache.ibatis.io.ClassLoaderWrapper.classForName(ClassLoaderWrapper.java:190)
	at org.apache.ibatis.io.ClassLoaderWrapper.classForName(ClassLoaderWrapper.java:89)
	at org.apache.ibatis.io.Resources.classForName(Resources.java:256)
	at org.apache.ibatis.type.TypeAliasRegistry.resolveAlias(TypeAliasRegistry.java:113)
	... 73 more
[INFO][main][2018-04-25 17:56:49][org.springframework.test.context.support.AbstractTestContextBootstrapper] - Loaded default TestExecutionListener class names from location [META-INF/spring.factories]: [org.springframework.test.context.web.ServletTestExecutionListener, org.springframework.test.context.support.DirtiesContextBeforeModesTestExecutionListener, org.springframework.test.context.support.DependencyInjectionTestExecutionListener, org.springframework.test.context.support.DirtiesContextTestExecutionListener, org.springframework.test.context.transaction.TransactionalTestExecutionListener, org.springframework.test.context.jdbc.SqlScriptsTestExecutionListener]
[INFO][main][2018-04-25 17:56:49][org.springframework.test.context.support.AbstractTestContextBootstrapper] - Using TestExecutionListeners: [org.springframework.test.context.web.ServletTestExecutionListener@5c7fa833, org.springframework.test.context.support.DirtiesContextBeforeModesTestExecutionListener@39aeed2f, org.springframework.test.context.support.DependencyInjectionTestExecutionListener@724af044, org.springframework.test.context.support.DirtiesContextTestExecutionListener@4678c730, org.springframework.test.context.transaction.TransactionalTestExecutionListener@6767c1fc, org.springframework.test.context.jdbc.SqlScriptsTestExecutionListener@29ee9faa]
[INFO][main][2018-04-25 17:56:50][org.springframework.beans.factory.xml.XmlBeanDefinitionReader] - Loading XML bean definitions from class path resource [spring/spring-dao.xml]
[INFO][main][2018-04-25 17:56:50][org.springframework.context.support.AbstractApplicationContext] - Refreshing org.springframework.context.support.GenericApplicationContext@6e1567f1: startup date [Wed Apr 25 17:56:50 CST 2018]; root of context hierarchy
[INFO][main][2018-04-25 17:56:50][org.springframework.core.io.support.PropertiesLoaderSupport] - Loading properties file from class path resource [dbinfo.properties]
[INFO][main][2018-04-25 17:56:50][org.springframework.beans.factory.annotation.AutowiredAnnotationBeanPostProcessor] - JSR-330 'javax.inject.Inject' annotation found and supported for autowiring
[INFO][main][2018-04-25 17:56:51][com.alibaba.druid.pool.DruidDataSource] - {dataSource-1} inited
[INFO][main][2018-04-25 17:56:52][org.springframework.context.support.AbstractApplicationContext] - Refreshing org.springframework.context.support.ClassPathXmlApplicationContext@6933b6c6: startup date [Wed Apr 25 17:56:52 CST 2018]; root of context hierarchy
[INFO][main][2018-04-25 17:56:52][org.springframework.beans.factory.xml.XmlBeanDefinitionReader] - Loading XML bean definitions from class path resource [spring/spring-service.xml]
[INFO][main][2018-04-25 17:56:52][org.springframework.beans.factory.xml.XmlBeanDefinitionReader] - Loading XML bean definitions from class path resource [spring/spring-dao.xml]
[INFO][main][2018-04-25 17:56:52][org.springframework.beans.factory.support.DefaultListableBeanFactory] - Overriding bean definition for bean 'dataSource' with a different definition: replacing [Root bean: class [org.springframework.jdbc.datasource.embedded.EmbeddedDatabaseFactoryBean]; scope=; abstract=false; lazyInit=false; autowireMode=0; dependencyCheck=0; autowireCandidate=true; primary=false; factoryBeanName=null; factoryMethodName=null; initMethodName=null; destroyMethodName=null] with [Generic bean: class [com.alibaba.druid.pool.DruidDataSource]; scope=; abstract=false; lazyInit=false; autowireMode=0; dependencyCheck=0; autowireCandidate=true; primary=false; factoryBeanName=null; factoryMethodName=null; initMethodName=init; destroyMethodName=close; defined in class path resource [spring/spring-dao.xml]]
[INFO][main][2018-04-25 17:56:52][org.springframework.core.io.support.PropertiesLoaderSupport] - Loading properties file from class path resource [dbinfo.properties]
[INFO][main][2018-04-25 17:56:52][org.springframework.beans.factory.annotation.AutowiredAnnotationBeanPostProcessor] - JSR-330 'javax.inject.Inject' annotation found and supported for autowiring
[INFO][main][2018-04-25 17:56:52][com.alibaba.druid.pool.DruidDataSource] - {dataSource-2} inited
[INFO][Thread-1][2018-04-25 17:56:52][org.springframework.context.support.AbstractApplicationContext] - Closing org.springframework.context.support.GenericApplicationContext@6e1567f1: startup date [Wed Apr 25 17:56:50 CST 2018]; root of context hierarchy
[INFO][Thread-1][2018-04-25 17:56:52][com.alibaba.druid.pool.DruidDataSource] - {dataSource-1} closed
[INFO][main][2018-04-25 17:57:17][org.springframework.test.context.support.AbstractTestContextBootstrapper] - Loaded default TestExecutionListener class names from location [META-INF/spring.factories]: [org.springframework.test.context.web.ServletTestExecutionListener, org.springframework.test.context.support.DirtiesContextBeforeModesTestExecutionListener, org.springframework.test.context.support.DependencyInjectionTestExecutionListener, org.springframework.test.context.support.DirtiesContextTestExecutionListener, org.springframework.test.context.transaction.TransactionalTestExecutionListener, org.springframework.test.context.jdbc.SqlScriptsTestExecutionListener]
[INFO][main][2018-04-25 17:57:17][org.springframework.test.context.support.AbstractTestContextBootstrapper] - Using TestExecutionListeners: [org.springframework.test.context.web.ServletTestExecutionListener@5c7fa833, org.springframework.test.context.support.DirtiesContextBeforeModesTestExecutionListener@39aeed2f, org.springframework.test.context.support.DependencyInjectionTestExecutionListener@724af044, org.springframework.test.context.support.DirtiesContextTestExecutionListener@4678c730, org.springframework.test.context.transaction.TransactionalTestExecutionListener@6767c1fc, org.springframework.test.context.jdbc.SqlScriptsTestExecutionListener@29ee9faa]
[INFO][main][2018-04-25 17:57:17][org.springframework.beans.factory.xml.XmlBeanDefinitionReader] - Loading XML bean definitions from class path resource [spring/spring-dao.xml]
[INFO][main][2018-04-25 17:57:17][org.springframework.context.support.AbstractApplicationContext] - Refreshing org.springframework.context.support.GenericApplicationContext@6e1567f1: startup date [Wed Apr 25 17:57:17 CST 2018]; root of context hierarchy
[INFO][main][2018-04-25 17:57:17][org.springframework.core.io.support.PropertiesLoaderSupport] - Loading properties file from class path resource [dbinfo.properties]
[INFO][main][2018-04-25 17:57:17][org.springframework.beans.factory.annotation.AutowiredAnnotationBeanPostProcessor] - JSR-330 'javax.inject.Inject' annotation found and supported for autowiring
[INFO][main][2018-04-25 17:57:18][com.alibaba.druid.pool.DruidDataSource] - {dataSource-1} inited
[INFO][main][2018-04-25 17:57:18][org.springframework.context.support.AbstractApplicationContext] - Refreshing org.springframework.context.support.ClassPathXmlApplicationContext@6933b6c6: startup date [Wed Apr 25 17:57:18 CST 2018]; root of context hierarchy
[INFO][main][2018-04-25 17:57:18][org.springframework.beans.factory.xml.XmlBeanDefinitionReader] - Loading XML bean definitions from class path resource [spring/spring-service.xml]
[INFO][main][2018-04-25 17:57:18][org.springframework.beans.factory.xml.XmlBeanDefinitionReader] - Loading XML bean definitions from class path resource [spring/spring-dao.xml]
[INFO][main][2018-04-25 17:57:19][org.springframework.beans.factory.support.DefaultListableBeanFactory] - Overriding bean definition for bean 'dataSource' with a different definition: replacing [Root bean: class [org.springframework.jdbc.datasource.embedded.EmbeddedDatabaseFactoryBean]; scope=; abstract=false; lazyInit=false; autowireMode=0; dependencyCheck=0; autowireCandidate=true; primary=false; factoryBeanName=null; factoryMethodName=null; initMethodName=null; destroyMethodName=null] with [Generic bean: class [com.alibaba.druid.pool.DruidDataSource]; scope=; abstract=false; lazyInit=false; autowireMode=0; dependencyCheck=0; autowireCandidate=true; primary=false; factoryBeanName=null; factoryMethodName=null; initMethodName=init; destroyMethodName=close; defined in class path resource [spring/spring-dao.xml]]
[INFO][main][2018-04-25 17:57:19][org.springframework.core.io.support.PropertiesLoaderSupport] - Loading properties file from class path resource [dbinfo.properties]
[INFO][main][2018-04-25 17:57:19][org.springframework.beans.factory.annotation.AutowiredAnnotationBeanPostProcessor] - JSR-330 'javax.inject.Inject' annotation found and supported for autowiring
[INFO][main][2018-04-25 17:57:19][com.alibaba.druid.pool.DruidDataSource] - {dataSource-2} inited
[INFO][Thread-1][2018-04-25 17:57:19][org.springframework.context.support.AbstractApplicationContext] - Closing org.springframework.context.support.GenericApplicationContext@6e1567f1: startup date [Wed Apr 25 17:57:17 CST 2018]; root of context hierarchy
[INFO][Thread-1][2018-04-25 17:57:19][com.alibaba.druid.pool.DruidDataSource] - {dataSource-1} closed
[INFO][main][2018-04-25 17:57:50][org.springframework.test.context.support.AbstractTestContextBootstrapper] - Loaded default TestExecutionListener class names from location [META-INF/spring.factories]: [org.springframework.test.context.web.ServletTestExecutionListener, org.springframework.test.context.support.DirtiesContextBeforeModesTestExecutionListener, org.springframework.test.context.support.DependencyInjectionTestExecutionListener, org.springframework.test.context.support.DirtiesContextTestExecutionListener, org.springframework.test.context.transaction.TransactionalTestExecutionListener, org.springframework.test.context.jdbc.SqlScriptsTestExecutionListener]
[INFO][main][2018-04-25 17:57:50][org.springframework.test.context.support.AbstractTestContextBootstrapper] - Using TestExecutionListeners: [org.springframework.test.context.web.ServletTestExecutionListener@5c7fa833, org.springframework.test.context.support.DirtiesContextBeforeModesTestExecutionListener@39aeed2f, org.springframework.test.context.support.DependencyInjectionTestExecutionListener@724af044, org.springframework.test.context.support.DirtiesContextTestExecutionListener@4678c730, org.springframework.test.context.transaction.TransactionalTestExecutionListener@6767c1fc, org.springframework.test.context.jdbc.SqlScriptsTestExecutionListener@29ee9faa]
[INFO][main][2018-04-25 17:57:50][org.springframework.beans.factory.xml.XmlBeanDefinitionReader] - Loading XML bean definitions from class path resource [spring/spring-dao.xml]
[INFO][main][2018-04-25 17:57:50][org.springframework.context.support.AbstractApplicationContext] - Refreshing org.springframework.context.support.GenericApplicationContext@6e1567f1: startup date [Wed Apr 25 17:57:50 CST 2018]; root of context hierarchy
[INFO][main][2018-04-25 17:57:50][org.springframework.core.io.support.PropertiesLoaderSupport] - Loading properties file from class path resource [dbinfo.properties]
[INFO][main][2018-04-25 17:57:50][org.springframework.beans.factory.annotation.AutowiredAnnotationBeanPostProcessor] - JSR-330 'javax.inject.Inject' annotation found and supported for autowiring
[INFO][main][2018-04-25 17:57:51][com.alibaba.druid.pool.DruidDataSource] - {dataSource-1} inited
[INFO][main][2018-04-25 17:57:51][org.springframework.context.support.AbstractApplicationContext] - Refreshing org.springframework.context.support.ClassPathXmlApplicationContext@6933b6c6: startup date [Wed Apr 25 17:57:51 CST 2018]; root of context hierarchy
[INFO][main][2018-04-25 17:57:51][org.springframework.beans.factory.xml.XmlBeanDefinitionReader] - Loading XML bean definitions from class path resource [spring/spring-service.xml]
[INFO][main][2018-04-25 17:57:51][org.springframework.beans.factory.xml.XmlBeanDefinitionReader] - Loading XML bean definitions from class path resource [spring/spring-dao.xml]
[INFO][main][2018-04-25 17:57:51][org.springframework.beans.factory.support.DefaultListableBeanFactory] - Overriding bean definition for bean 'dataSource' with a different definition: replacing [Root bean: class [org.springframework.jdbc.datasource.embedded.EmbeddedDatabaseFactoryBean]; scope=; abstract=false; lazyInit=false; autowireMode=0; dependencyCheck=0; autowireCandidate=true; primary=false; factoryBeanName=null; factoryMethodName=null; initMethodName=null; destroyMethodName=null] with [Generic bean: class [com.alibaba.druid.pool.DruidDataSource]; scope=; abstract=false; lazyInit=false; autowireMode=0; dependencyCheck=0; autowireCandidate=true; primary=false; factoryBeanName=null; factoryMethodName=null; initMethodName=init; destroyMethodName=close; defined in class path resource [spring/spring-dao.xml]]
[INFO][main][2018-04-25 17:57:51][org.springframework.core.io.support.PropertiesLoaderSupport] - Loading properties file from class path resource [dbinfo.properties]
[INFO][main][2018-04-25 17:57:51][org.springframework.beans.factory.annotation.AutowiredAnnotationBeanPostProcessor] - JSR-330 'javax.inject.Inject' annotation found and supported for autowiring
[INFO][main][2018-04-25 17:57:51][com.alibaba.druid.pool.DruidDataSource] - {dataSource-2} inited
[INFO][Thread-1][2018-04-25 17:57:52][org.springframework.context.support.AbstractApplicationContext] - Closing org.springframework.context.support.GenericApplicationContext@6e1567f1: startup date [Wed Apr 25 17:57:50 CST 2018]; root of context hierarchy
[INFO][Thread-1][2018-04-25 17:57:52][com.alibaba.druid.pool.DruidDataSource] - {dataSource-1} closed
[INFO][main][2018-04-25 17:58:48][org.springframework.test.context.support.AbstractTestContextBootstrapper] - Loaded default TestExecutionListener class names from location [META-INF/spring.factories]: [org.springframework.test.context.web.ServletTestExecutionListener, org.springframework.test.context.support.DirtiesContextBeforeModesTestExecutionListener, org.springframework.test.context.support.DependencyInjectionTestExecutionListener, org.springframework.test.context.support.DirtiesContextTestExecutionListener, org.springframework.test.context.transaction.TransactionalTestExecutionListener, org.springframework.test.context.jdbc.SqlScriptsTestExecutionListener]
[INFO][main][2018-04-25 17:58:48][org.springframework.test.context.support.AbstractTestContextBootstrapper] - Using TestExecutionListeners: [org.springframework.test.context.web.ServletTestExecutionListener@5c7fa833, org.springframework.test.context.support.DirtiesContextBeforeModesTestExecutionListener@39aeed2f, org.springframework.test.context.support.DependencyInjectionTestExecutionListener@724af044, org.springframework.test.context.support.DirtiesContextTestExecutionListener@4678c730, org.springframework.test.context.transaction.TransactionalTestExecutionListener@6767c1fc, org.springframework.test.context.jdbc.SqlScriptsTestExecutionListener@29ee9faa]
[INFO][main][2018-04-25 17:58:48][org.springframework.beans.factory.xml.XmlBeanDefinitionReader] - Loading XML bean definitions from class path resource [spring/spring-dao.xml]
[INFO][main][2018-04-25 17:58:48][org.springframework.context.support.AbstractApplicationContext] - Refreshing org.springframework.context.support.GenericApplicationContext@6e1567f1: startup date [Wed Apr 25 17:58:48 CST 2018]; root of context hierarchy
[INFO][main][2018-04-25 17:58:48][org.springframework.core.io.support.PropertiesLoaderSupport] - Loading properties file from class path resource [dbinfo.properties]
[INFO][main][2018-04-25 17:58:48][org.springframework.beans.factory.annotation.AutowiredAnnotationBeanPostProcessor] - JSR-330 'javax.inject.Inject' annotation found and supported for autowiring
[INFO][main][2018-04-25 17:58:49][com.alibaba.druid.pool.DruidDataSource] - {dataSource-1} inited
[INFO][main][2018-04-25 17:58:50][org.springframework.context.support.AbstractApplicationContext] - Refreshing org.springframework.context.support.ClassPathXmlApplicationContext@6933b6c6: startup date [Wed Apr 25 17:58:50 CST 2018]; root of context hierarchy
[INFO][main][2018-04-25 17:58:50][org.springframework.beans.factory.xml.XmlBeanDefinitionReader] - Loading XML bean definitions from class path resource [spring/spring-service.xml]
[INFO][main][2018-04-25 17:58:50][org.springframework.beans.factory.xml.XmlBeanDefinitionReader] - Loading XML bean definitions from class path resource [spring/spring-dao.xml]
[INFO][main][2018-04-25 17:58:50][org.springframework.beans.factory.support.DefaultListableBeanFactory] - Overriding bean definition for bean 'dataSource' with a different definition: replacing [Root bean: class [org.springframework.jdbc.datasource.embedded.EmbeddedDatabaseFactoryBean]; scope=; abstract=false; lazyInit=false; autowireMode=0; dependencyCheck=0; autowireCandidate=true; primary=false; factoryBeanName=null; factoryMethodName=null; initMethodName=null; destroyMethodName=null] with [Generic bean: class [com.alibaba.druid.pool.DruidDataSource]; scope=; abstract=false; lazyInit=false; autowireMode=0; dependencyCheck=0; autowireCandidate=true; primary=false; factoryBeanName=null; factoryMethodName=null; initMethodName=init; destroyMethodName=close; defined in class path resource [spring/spring-dao.xml]]
[INFO][main][2018-04-25 17:58:50][org.springframework.core.io.support.PropertiesLoaderSupport] - Loading properties file from class path resource [dbinfo.properties]
[INFO][main][2018-04-25 17:58:50][org.springframework.beans.factory.annotation.AutowiredAnnotationBeanPostProcessor] - JSR-330 'javax.inject.Inject' annotation found and supported for autowiring
[INFO][main][2018-04-25 17:58:50][com.alibaba.druid.pool.DruidDataSource] - {dataSource-2} inited
[INFO][Thread-1][2018-04-25 17:58:50][org.springframework.context.support.AbstractApplicationContext] - Closing org.springframework.context.support.GenericApplicationContext@6e1567f1: startup date [Wed Apr 25 17:58:48 CST 2018]; root of context hierarchy
[INFO][Thread-1][2018-04-25 17:58:50][com.alibaba.druid.pool.DruidDataSource] - {dataSource-1} closed
[INFO][main][2018-04-25 17:59:53][org.springframework.test.context.support.AbstractTestContextBootstrapper] - Loaded default TestExecutionListener class names from location [META-INF/spring.factories]: [org.springframework.test.context.web.ServletTestExecutionListener, org.springframework.test.context.support.DirtiesContextBeforeModesTestExecutionListener, org.springframework.test.context.support.DependencyInjectionTestExecutionListener, org.springframework.test.context.support.DirtiesContextTestExecutionListener, org.springframework.test.context.transaction.TransactionalTestExecutionListener, org.springframework.test.context.jdbc.SqlScriptsTestExecutionListener]
[INFO][main][2018-04-25 17:59:53][org.springframework.test.context.support.AbstractTestContextBootstrapper] - Using TestExecutionListeners: [org.springframework.test.context.web.ServletTestExecutionListener@5c7fa833, org.springframework.test.context.support.DirtiesContextBeforeModesTestExecutionListener@39aeed2f, org.springframework.test.context.support.DependencyInjectionTestExecutionListener@724af044, org.springframework.test.context.support.DirtiesContextTestExecutionListener@4678c730, org.springframework.test.context.transaction.TransactionalTestExecutionListener@6767c1fc, org.springframework.test.context.jdbc.SqlScriptsTestExecutionListener@29ee9faa]
[INFO][main][2018-04-25 17:59:53][org.springframework.beans.factory.xml.XmlBeanDefinitionReader] - Loading XML bean definitions from class path resource [spring/spring-dao.xml]
[INFO][main][2018-04-25 17:59:54][org.springframework.context.support.AbstractApplicationContext] - Refreshing org.springframework.context.support.GenericApplicationContext@6e1567f1: startup date [Wed Apr 25 17:59:54 CST 2018]; root of context hierarchy
[INFO][main][2018-04-25 17:59:54][org.springframework.core.io.support.PropertiesLoaderSupport] - Loading properties file from class path resource [dbinfo.properties]
[INFO][main][2018-04-25 17:59:54][org.springframework.beans.factory.annotation.AutowiredAnnotationBeanPostProcessor] - JSR-330 'javax.inject.Inject' annotation found and supported for autowiring
[INFO][main][2018-04-25 17:59:55][com.alibaba.druid.pool.DruidDataSource] - {dataSource-1} inited
[INFO][main][2018-04-25 17:59:55][org.springframework.context.support.AbstractApplicationContext] - Refreshing org.springframework.context.support.ClassPathXmlApplicationContext@6933b6c6: startup date [Wed Apr 25 17:59:55 CST 2018]; root of context hierarchy
[INFO][main][2018-04-25 17:59:55][org.springframework.beans.factory.xml.XmlBeanDefinitionReader] - Loading XML bean definitions from class path resource [spring/spring-service.xml]
[INFO][main][2018-04-25 17:59:55][org.springframework.beans.factory.xml.XmlBeanDefinitionReader] - Loading XML bean definitions from class path resource [spring/spring-dao.xml]
[INFO][main][2018-04-25 17:59:55][org.springframework.beans.factory.support.DefaultListableBeanFactory] - Overriding bean definition for bean 'dataSource' with a different definition: replacing [Root bean: class [org.springframework.jdbc.datasource.embedded.EmbeddedDatabaseFactoryBean]; scope=; abstract=false; lazyInit=false; autowireMode=0; dependencyCheck=0; autowireCandidate=true; primary=false; factoryBeanName=null; factoryMethodName=null; initMethodName=null; destroyMethodName=null] with [Generic bean: class [com.alibaba.druid.pool.DruidDataSource]; scope=; abstract=false; lazyInit=false; autowireMode=0; dependencyCheck=0; autowireCandidate=true; primary=false; factoryBeanName=null; factoryMethodName=null; initMethodName=init; destroyMethodName=close; defined in class path resource [spring/spring-dao.xml]]
[INFO][main][2018-04-25 17:59:55][org.springframework.core.io.support.PropertiesLoaderSupport] - Loading properties file from class path resource [dbinfo.properties]
[INFO][main][2018-04-25 17:59:55][org.springframework.beans.factory.annotation.AutowiredAnnotationBeanPostProcessor] - JSR-330 'javax.inject.Inject' annotation found and supported for autowiring
[INFO][main][2018-04-25 17:59:55][com.alibaba.druid.pool.DruidDataSource] - {dataSource-2} inited
[INFO][Thread-1][2018-04-25 17:59:56][org.springframework.context.support.AbstractApplicationContext] - Closing org.springframework.context.support.GenericApplicationContext@6e1567f1: startup date [Wed Apr 25 17:59:54 CST 2018]; root of context hierarchy
[INFO][Thread-1][2018-04-25 17:59:56][com.alibaba.druid.pool.DruidDataSource] - {dataSource-1} closed
[INFO][main][2018-04-25 18:00:24][org.springframework.test.context.support.AbstractTestContextBootstrapper] - Loaded default TestExecutionListener class names from location [META-INF/spring.factories]: [org.springframework.test.context.web.ServletTestExecutionListener, org.springframework.test.context.support.DirtiesContextBeforeModesTestExecutionListener, org.springframework.test.context.support.DependencyInjectionTestExecutionListener, org.springframework.test.context.support.DirtiesContextTestExecutionListener, org.springframework.test.context.transaction.TransactionalTestExecutionListener, org.springframework.test.context.jdbc.SqlScriptsTestExecutionListener]
[INFO][main][2018-04-25 18:00:24][org.springframework.test.context.support.AbstractTestContextBootstrapper] - Using TestExecutionListeners: [org.springframework.test.context.web.ServletTestExecutionListener@1e730495, org.springframework.test.context.support.DirtiesContextBeforeModesTestExecutionListener@7d3a22a9, org.springframework.test.context.support.DependencyInjectionTestExecutionListener@1d082e88, org.springframework.test.context.support.DirtiesContextTestExecutionListener@60704c, org.springframework.test.context.transaction.TransactionalTestExecutionListener@6b19b79, org.springframework.test.context.jdbc.SqlScriptsTestExecutionListener@2a32de6c]
[INFO][main][2018-04-25 18:00:24][org.springframework.beans.factory.xml.XmlBeanDefinitionReader] - Loading XML bean definitions from class path resource [spring/spring-dao.xml]
[INFO][main][2018-04-25 18:00:25][org.springframework.context.support.AbstractApplicationContext] - Refreshing org.springframework.context.support.GenericApplicationContext@7ce3cb8e: startup date [Wed Apr 25 18:00:25 CST 2018]; root of context hierarchy
[INFO][main][2018-04-25 18:00:26][org.springframework.core.io.support.PropertiesLoaderSupport] - Loading properties file from class path resource [dbinfo.properties]
[INFO][main][2018-04-25 18:00:26][org.springframework.beans.factory.annotation.AutowiredAnnotationBeanPostProcessor] - JSR-330 'javax.inject.Inject' annotation found and supported for autowiring
[INFO][main][2018-04-25 18:00:26][org.springframework.test.context.support.AbstractTestContextBootstrapper] - Loaded default TestExecutionListener class names from location [META-INF/spring.factories]: [org.springframework.test.context.web.ServletTestExecutionListener, org.springframework.test.context.support.DirtiesContextBeforeModesTestExecutionListener, org.springframework.test.context.support.DependencyInjectionTestExecutionListener, org.springframework.test.context.support.DirtiesContextTestExecutionListener, org.springframework.test.context.transaction.TransactionalTestExecutionListener, org.springframework.test.context.jdbc.SqlScriptsTestExecutionListener]
[INFO][main][2018-04-25 18:00:26][org.springframework.test.context.support.AbstractTestContextBootstrapper] - Using TestExecutionListeners: [org.springframework.test.context.web.ServletTestExecutionListener@5c7fa833, org.springframework.test.context.support.DirtiesContextBeforeModesTestExecutionListener@39aeed2f, org.springframework.test.context.support.DependencyInjectionTestExecutionListener@724af044, org.springframework.test.context.support.DirtiesContextTestExecutionListener@4678c730, org.springframework.test.context.transaction.TransactionalTestExecutionListener@6767c1fc, org.springframework.test.context.jdbc.SqlScriptsTestExecutionListener@29ee9faa]
[INFO][main][2018-04-25 18:00:26][org.springframework.beans.factory.xml.XmlBeanDefinitionReader] - Loading XML bean definitions from class path resource [spring/spring-dao.xml]
[INFO][main][2018-04-25 18:00:27][org.springframework.context.support.AbstractApplicationContext] - Refreshing org.springframework.context.support.GenericApplicationContext@6e1567f1: startup date [Wed Apr 25 18:00:27 CST 2018]; root of context hierarchy
[INFO][main][2018-04-25 18:00:27][org.springframework.core.io.support.PropertiesLoaderSupport] - Loading properties file from class path resource [dbinfo.properties]
[INFO][main][2018-04-25 18:00:27][com.alibaba.druid.pool.DruidDataSource] - {dataSource-1} inited
[INFO][main][2018-04-25 18:00:27][org.springframework.beans.factory.annotation.AutowiredAnnotationBeanPostProcessor] - JSR-330 'javax.inject.Inject' annotation found and supported for autowiring
[INFO][main][2018-04-25 18:00:28][org.springframework.context.support.AbstractApplicationContext] - Refreshing org.springframework.context.support.ClassPathXmlApplicationContext@7249dadf: startup date [Wed Apr 25 18:00:28 CST 2018]; root of context hierarchy
[INFO][main][2018-04-25 18:00:28][org.springframework.beans.factory.xml.XmlBeanDefinitionReader] - Loading XML bean definitions from class path resource [spring/spring-service.xml]
[INFO][main][2018-04-25 18:00:29][org.springframework.beans.factory.xml.XmlBeanDefinitionReader] - Loading XML bean definitions from class path resource [spring/spring-dao.xml]
[INFO][main][2018-04-25 18:00:29][org.springframework.beans.factory.support.DefaultListableBeanFactory] - Overriding bean definition for bean 'dataSource' with a different definition: replacing [Root bean: class [org.springframework.jdbc.datasource.embedded.EmbeddedDatabaseFactoryBean]; scope=; abstract=false; lazyInit=false; autowireMode=0; dependencyCheck=0; autowireCandidate=true; primary=false; factoryBeanName=null; factoryMethodName=null; initMethodName=null; destroyMethodName=null] with [Generic bean: class [com.alibaba.druid.pool.DruidDataSource]; scope=; abstract=false; lazyInit=false; autowireMode=0; dependencyCheck=0; autowireCandidate=true; primary=false; factoryBeanName=null; factoryMethodName=null; initMethodName=init; destroyMethodName=close; defined in class path resource [spring/spring-dao.xml]]
[INFO][main][2018-04-25 18:00:29][org.springframework.core.io.support.PropertiesLoaderSupport] - Loading properties file from class path resource [dbinfo.properties]
[INFO][main][2018-04-25 18:00:29][org.springframework.beans.factory.annotation.AutowiredAnnotationBeanPostProcessor] - JSR-330 'javax.inject.Inject' annotation found and supported for autowiring
[INFO][main][2018-04-25 18:00:29][com.alibaba.druid.pool.DruidDataSource] - {dataSource-1} inited
[INFO][main][2018-04-25 18:00:29][com.alibaba.druid.pool.DruidDataSource] - {dataSource-2} inited
[INFO][Thread-1][2018-04-25 18:00:30][org.springframework.context.support.AbstractApplicationContext] - Closing org.springframework.context.support.GenericApplicationContext@7ce3cb8e: startup date [Wed Apr 25 18:00:25 CST 2018]; root of context hierarchy
[INFO][Thread-1][2018-04-25 18:00:30][com.alibaba.druid.pool.DruidDataSource] - {dataSource-1} closed
[INFO][main][2018-04-25 18:00:31][org.springframework.context.support.AbstractApplicationContext] - Refreshing org.springframework.context.support.ClassPathXmlApplicationContext@6933b6c6: startup date [Wed Apr 25 18:00:31 CST 2018]; root of context hierarchy
[INFO][main][2018-04-25 18:00:31][org.springframework.beans.factory.xml.XmlBeanDefinitionReader] - Loading XML bean definitions from class path resource [spring/spring-service.xml]
[INFO][main][2018-04-25 18:00:31][org.springframework.beans.factory.xml.XmlBeanDefinitionReader] - Loading XML bean definitions from class path resource [spring/spring-dao.xml]
[INFO][main][2018-04-25 18:00:31][org.springframework.beans.factory.support.DefaultListableBeanFactory] - Overriding bean definition for bean 'dataSource' with a different definition: replacing [Root bean: class [org.springframework.jdbc.datasource.embedded.EmbeddedDatabaseFactoryBean]; scope=; abstract=false; lazyInit=false; autowireMode=0; dependencyCheck=0; autowireCandidate=true; primary=false; factoryBeanName=null; factoryMethodName=null; initMethodName=null; destroyMethodName=null] with [Generic bean: class [com.alibaba.druid.pool.DruidDataSource]; scope=; abstract=false; lazyInit=false; autowireMode=0; dependencyCheck=0; autowireCandidate=true; primary=false; factoryBeanName=null; factoryMethodName=null; initMethodName=init; destroyMethodName=close; defined in class path resource [spring/spring-dao.xml]]
[INFO][main][2018-04-25 18:00:31][org.springframework.core.io.support.PropertiesLoaderSupport] - Loading properties file from class path resource [dbinfo.properties]
[INFO][main][2018-04-25 18:00:31][org.springframework.beans.factory.annotation.AutowiredAnnotationBeanPostProcessor] - JSR-330 'javax.inject.Inject' annotation found and supported for autowiring
[INFO][main][2018-04-25 18:00:31][org.springframework.test.context.support.AbstractTestContextBootstrapper] - Loaded default TestExecutionListener class names from location [META-INF/spring.factories]: [org.springframework.test.context.web.ServletTestExecutionListener, org.springframework.test.context.support.DirtiesContextBeforeModesTestExecutionListener, org.springframework.test.context.support.DependencyInjectionTestExecutionListener, org.springframework.test.context.support.DirtiesContextTestExecutionListener, org.springframework.test.context.transaction.TransactionalTestExecutionListener, org.springframework.test.context.jdbc.SqlScriptsTestExecutionListener]
[INFO][main][2018-04-25 18:00:31][org.springframework.test.context.support.AbstractTestContextBootstrapper] - Using TestExecutionListeners: [org.springframework.test.context.web.ServletTestExecutionListener@1e730495, org.springframework.test.context.support.DirtiesContextBeforeModesTestExecutionListener@7d3a22a9, org.springframework.test.context.support.DependencyInjectionTestExecutionListener@1d082e88, org.springframework.test.context.support.DirtiesContextTestExecutionListener@60704c, org.springframework.test.context.transaction.TransactionalTestExecutionListener@6b19b79, org.springframework.test.context.jdbc.SqlScriptsTestExecutionListener@2a32de6c]
[INFO][main][2018-04-25 18:00:31][com.alibaba.druid.pool.DruidDataSource] - {dataSource-2} inited
[INFO][main][2018-04-25 18:00:32][org.springframework.beans.factory.xml.XmlBeanDefinitionReader] - Loading XML bean definitions from class path resource [spring/spring-dao.xml]
[INFO][Thread-1][2018-04-25 18:00:32][org.springframework.context.support.AbstractApplicationContext] - Closing org.springframework.context.support.GenericApplicationContext@6e1567f1: startup date [Wed Apr 25 18:00:27 CST 2018]; root of context hierarchy
[INFO][Thread-1][2018-04-25 18:00:32][com.alibaba.druid.pool.DruidDataSource] - {dataSource-1} closed
[INFO][main][2018-04-25 18:00:32][org.springframework.context.support.AbstractApplicationContext] - Refreshing org.springframework.context.support.GenericApplicationContext@7ce3cb8e: startup date [Wed Apr 25 18:00:32 CST 2018]; root of context hierarchy
[INFO][main][2018-04-25 18:00:33][org.springframework.core.io.support.PropertiesLoaderSupport] - Loading properties file from class path resource [dbinfo.properties]
[INFO][main][2018-04-25 18:00:33][org.springframework.beans.factory.annotation.AutowiredAnnotationBeanPostProcessor] - JSR-330 'javax.inject.Inject' annotation found and supported for autowiring
[INFO][main][2018-04-25 18:00:36][org.springframework.test.context.support.AbstractTestContextBootstrapper] - Loaded default TestExecutionListener class names from location [META-INF/spring.factories]: [org.springframework.test.context.web.ServletTestExecutionListener, org.springframework.test.context.support.DirtiesContextBeforeModesTestExecutionListener, org.springframework.test.context.support.DependencyInjectionTestExecutionListener, org.springframework.test.context.support.DirtiesContextTestExecutionListener, org.springframework.test.context.transaction.TransactionalTestExecutionListener, org.springframework.test.context.jdbc.SqlScriptsTestExecutionListener]
[INFO][main][2018-04-25 18:00:36][org.springframework.test.context.support.AbstractTestContextBootstrapper] - Using TestExecutionListeners: [org.springframework.test.context.web.ServletTestExecutionListener@5c7fa833, org.springframework.test.context.support.DirtiesContextBeforeModesTestExecutionListener@39aeed2f, org.springframework.test.context.support.DependencyInjectionTestExecutionListener@724af044, org.springframework.test.context.support.DirtiesContextTestExecutionListener@4678c730, org.springframework.test.context.transaction.TransactionalTestExecutionListener@6767c1fc, org.springframework.test.context.jdbc.SqlScriptsTestExecutionListener@29ee9faa]
[INFO][main][2018-04-25 18:00:36][org.springframework.beans.factory.xml.XmlBeanDefinitionReader] - Loading XML bean definitions from class path resource [spring/spring-dao.xml]
[INFO][main][2018-04-25 18:00:36][org.springframework.context.support.AbstractApplicationContext] - Refreshing org.springframework.context.support.GenericApplicationContext@6e1567f1: startup date [Wed Apr 25 18:00:36 CST 2018]; root of context hierarchy
[INFO][main][2018-04-25 18:00:36][org.springframework.core.io.support.PropertiesLoaderSupport] - Loading properties file from class path resource [dbinfo.properties]
[INFO][main][2018-04-25 18:00:36][org.springframework.beans.factory.annotation.AutowiredAnnotationBeanPostProcessor] - JSR-330 'javax.inject.Inject' annotation found and supported for autowiring
[INFO][main][2018-04-25 18:00:37][com.alibaba.druid.pool.DruidDataSource] - {dataSource-1} inited
[INFO][main][2018-04-25 18:00:38][org.springframework.context.support.AbstractApplicationContext] - Refreshing org.springframework.context.support.ClassPathXmlApplicationContext@6933b6c6: startup date [Wed Apr 25 18:00:38 CST 2018]; root of context hierarchy
[INFO][main][2018-04-25 18:00:38][org.springframework.beans.factory.xml.XmlBeanDefinitionReader] - Loading XML bean definitions from class path resource [spring/spring-service.xml]
[INFO][main][2018-04-25 18:00:38][org.springframework.beans.factory.xml.XmlBeanDefinitionReader] - Loading XML bean definitions from class path resource [spring/spring-dao.xml]
[INFO][main][2018-04-25 18:00:38][org.springframework.beans.factory.support.DefaultListableBeanFactory] - Overriding bean definition for bean 'dataSource' with a different definition: replacing [Root bean: class [org.springframework.jdbc.datasource.embedded.EmbeddedDatabaseFactoryBean]; scope=; abstract=false; lazyInit=false; autowireMode=0; dependencyCheck=0; autowireCandidate=true; primary=false; factoryBeanName=null; factoryMethodName=null; initMethodName=null; destroyMethodName=null] with [Generic bean: class [com.alibaba.druid.pool.DruidDataSource]; scope=; abstract=false; lazyInit=false; autowireMode=0; dependencyCheck=0; autowireCandidate=true; primary=false; factoryBeanName=null; factoryMethodName=null; initMethodName=init; destroyMethodName=close; defined in class path resource [spring/spring-dao.xml]]
[INFO][main][2018-04-25 18:00:38][org.springframework.core.io.support.PropertiesLoaderSupport] - Loading properties file from class path resource [dbinfo.properties]
[INFO][main][2018-04-25 18:00:38][org.springframework.beans.factory.annotation.AutowiredAnnotationBeanPostProcessor] - JSR-330 'javax.inject.Inject' annotation found and supported for autowiring
[INFO][main][2018-04-25 18:00:38][com.alibaba.druid.pool.DruidDataSource] - {dataSource-2} inited
[INFO][Thread-1][2018-04-25 18:00:38][org.springframework.context.support.AbstractApplicationContext] - Closing org.springframework.context.support.GenericApplicationContext@6e1567f1: startup date [Wed Apr 25 18:00:36 CST 2018]; root of context hierarchy
[INFO][Thread-1][2018-04-25 18:00:38][com.alibaba.druid.pool.DruidDataSource] - {dataSource-1} closed
[INFO][main][2018-04-25 18:01:33][org.springframework.test.context.support.AbstractTestContextBootstrapper] - Loaded default TestExecutionListener class names from location [META-INF/spring.factories]: [org.springframework.test.context.web.ServletTestExecutionListener, org.springframework.test.context.support.DirtiesContextBeforeModesTestExecutionListener, org.springframework.test.context.support.DependencyInjectionTestExecutionListener, org.springframework.test.context.support.DirtiesContextTestExecutionListener, org.springframework.test.context.transaction.TransactionalTestExecutionListener, org.springframework.test.context.jdbc.SqlScriptsTestExecutionListener]
[INFO][main][2018-04-25 18:01:33][org.springframework.test.context.support.AbstractTestContextBootstrapper] - Using TestExecutionListeners: [org.springframework.test.context.web.ServletTestExecutionListener@5c7fa833, org.springframework.test.context.support.DirtiesContextBeforeModesTestExecutionListener@39aeed2f, org.springframework.test.context.support.DependencyInjectionTestExecutionListener@724af044, org.springframework.test.context.support.DirtiesContextTestExecutionListener@4678c730, org.springframework.test.context.transaction.TransactionalTestExecutionListener@6767c1fc, org.springframework.test.context.jdbc.SqlScriptsTestExecutionListener@29ee9faa]
[INFO][main][2018-04-25 18:01:33][org.springframework.beans.factory.xml.XmlBeanDefinitionReader] - Loading XML bean definitions from class path resource [spring/spring-dao.xml]
[INFO][main][2018-04-25 18:01:33][org.springframework.context.support.AbstractApplicationContext] - Refreshing org.springframework.context.support.GenericApplicationContext@6e1567f1: startup date [Wed Apr 25 18:01:33 CST 2018]; root of context hierarchy
[INFO][main][2018-04-25 18:01:33][org.springframework.core.io.support.PropertiesLoaderSupport] - Loading properties file from class path resource [dbinfo.properties]
[INFO][main][2018-04-25 18:01:33][org.springframework.beans.factory.annotation.AutowiredAnnotationBeanPostProcessor] - JSR-330 'javax.inject.Inject' annotation found and supported for autowiring
[INFO][main][2018-04-25 18:01:34][com.alibaba.druid.pool.DruidDataSource] - {dataSource-1} inited
[INFO][main][2018-04-25 18:01:34][org.springframework.context.support.AbstractApplicationContext] - Refreshing org.springframework.context.support.ClassPathXmlApplicationContext@6933b6c6: startup date [Wed Apr 25 18:01:34 CST 2018]; root of context hierarchy
[INFO][main][2018-04-25 18:01:34][org.springframework.beans.factory.xml.XmlBeanDefinitionReader] - Loading XML bean definitions from class path resource [spring/spring-service.xml]
[INFO][main][2018-04-25 18:01:34][org.springframework.beans.factory.xml.XmlBeanDefinitionReader] - Loading XML bean definitions from class path resource [spring/spring-dao.xml]
[INFO][main][2018-04-25 18:01:34][org.springframework.beans.factory.support.DefaultListableBeanFactory] - Overriding bean definition for bean 'dataSource' with a different definition: replacing [Root bean: class [org.springframework.jdbc.datasource.embedded.EmbeddedDatabaseFactoryBean]; scope=; abstract=false; lazyInit=false; autowireMode=0; dependencyCheck=0; autowireCandidate=true; primary=false; factoryBeanName=null; factoryMethodName=null; initMethodName=null; destroyMethodName=null] with [Generic bean: class [com.alibaba.druid.pool.DruidDataSource]; scope=; abstract=false; lazyInit=false; autowireMode=0; dependencyCheck=0; autowireCandidate=true; primary=false; factoryBeanName=null; factoryMethodName=null; initMethodName=init; destroyMethodName=close; defined in class path resource [spring/spring-dao.xml]]
[INFO][main][2018-04-25 18:01:34][org.springframework.core.io.support.PropertiesLoaderSupport] - Loading properties file from class path resource [dbinfo.properties]
[INFO][main][2018-04-25 18:01:34][org.springframework.beans.factory.annotation.AutowiredAnnotationBeanPostProcessor] - JSR-330 'javax.inject.Inject' annotation found and supported for autowiring
[INFO][main][2018-04-25 18:01:34][com.alibaba.druid.pool.DruidDataSource] - {dataSource-2} inited
[INFO][Thread-1][2018-04-25 18:01:35][org.springframework.context.support.AbstractApplicationContext] - Closing org.springframework.context.support.GenericApplicationContext@6e1567f1: startup date [Wed Apr 25 18:01:33 CST 2018]; root of context hierarchy
[INFO][Thread-1][2018-04-25 18:01:35][com.alibaba.druid.pool.DruidDataSource] - {dataSource-1} closed
[INFO][main][2018-04-25 20:11:10][org.springframework.test.context.support.AbstractTestContextBootstrapper] - Loaded default TestExecutionListener class names from location [META-INF/spring.factories]: [org.springframework.test.context.web.ServletTestExecutionListener, org.springframework.test.context.support.DirtiesContextBeforeModesTestExecutionListener, org.springframework.test.context.support.DependencyInjectionTestExecutionListener, org.springframework.test.context.support.DirtiesContextTestExecutionListener, org.springframework.test.context.transaction.TransactionalTestExecutionListener, org.springframework.test.context.jdbc.SqlScriptsTestExecutionListener]
[INFO][main][2018-04-25 20:11:10][org.springframework.test.context.support.AbstractTestContextBootstrapper] - Using TestExecutionListeners: [org.springframework.test.context.web.ServletTestExecutionListener@5c7fa833, org.springframework.test.context.support.DirtiesContextBeforeModesTestExecutionListener@39aeed2f, org.springframework.test.context.support.DependencyInjectionTestExecutionListener@724af044, org.springframework.test.context.support.DirtiesContextTestExecutionListener@4678c730, org.springframework.test.context.transaction.TransactionalTestExecutionListener@6767c1fc, org.springframework.test.context.jdbc.SqlScriptsTestExecutionListener@29ee9faa]
[INFO][main][2018-04-25 20:11:11][org.springframework.beans.factory.xml.XmlBeanDefinitionReader] - Loading XML bean definitions from class path resource [spring/spring-dao.xml]
[INFO][main][2018-04-25 20:11:11][org.springframework.context.support.AbstractApplicationContext] - Refreshing org.springframework.context.support.GenericApplicationContext@6e1567f1: startup date [Wed Apr 25 20:11:11 CST 2018]; root of context hierarchy
[INFO][main][2018-04-25 20:11:12][org.springframework.core.io.support.PropertiesLoaderSupport] - Loading properties file from class path resource [dbinfo.properties]
[INFO][main][2018-04-25 20:11:12][org.springframework.beans.factory.annotation.AutowiredAnnotationBeanPostProcessor] - JSR-330 'javax.inject.Inject' annotation found and supported for autowiring
[INFO][main][2018-04-25 20:11:13][com.alibaba.druid.pool.DruidDataSource] - {dataSource-1} inited
[INFO][main][2018-04-25 20:11:14][org.springframework.context.support.AbstractApplicationContext] - Refreshing org.springframework.context.support.ClassPathXmlApplicationContext@6933b6c6: startup date [Wed Apr 25 20:11:14 CST 2018]; root of context hierarchy
[INFO][main][2018-04-25 20:11:14][org.springframework.beans.factory.xml.XmlBeanDefinitionReader] - Loading XML bean definitions from class path resource [spring/spring-service.xml]
[INFO][main][2018-04-25 20:11:14][org.springframework.beans.factory.xml.XmlBeanDefinitionReader] - Loading XML bean definitions from class path resource [spring/spring-dao.xml]
[INFO][main][2018-04-25 20:11:14][org.springframework.beans.factory.support.DefaultListableBeanFactory] - Overriding bean definition for bean 'dataSource' with a different definition: replacing [Root bean: class [org.springframework.jdbc.datasource.embedded.EmbeddedDatabaseFactoryBean]; scope=; abstract=false; lazyInit=false; autowireMode=0; dependencyCheck=0; autowireCandidate=true; primary=false; factoryBeanName=null; factoryMethodName=null; initMethodName=null; destroyMethodName=null] with [Generic bean: class [com.alibaba.druid.pool.DruidDataSource]; scope=; abstract=false; lazyInit=false; autowireMode=0; dependencyCheck=0; autowireCandidate=true; primary=false; factoryBeanName=null; factoryMethodName=null; initMethodName=init; destroyMethodName=close; defined in class path resource [spring/spring-dao.xml]]
[INFO][main][2018-04-25 20:11:14][org.springframework.core.io.support.PropertiesLoaderSupport] - Loading properties file from class path resource [dbinfo.properties]
[INFO][main][2018-04-25 20:11:14][org.springframework.beans.factory.annotation.AutowiredAnnotationBeanPostProcessor] - JSR-330 'javax.inject.Inject' annotation found and supported for autowiring
[INFO][main][2018-04-25 20:11:14][com.alibaba.druid.pool.DruidDataSource] - {dataSource-2} inited
[INFO][Thread-1][2018-04-25 20:11:14][org.springframework.context.support.AbstractApplicationContext] - Closing org.springframework.context.support.GenericApplicationContext@6e1567f1: startup date [Wed Apr 25 20:11:11 CST 2018]; root of context hierarchy
[INFO][Thread-1][2018-04-25 20:11:14][com.alibaba.druid.pool.DruidDataSource] - {dataSource-1} closed
[INFO][main][2018-04-25 20:18:00][org.springframework.test.context.support.AbstractTestContextBootstrapper] - Loaded default TestExecutionListener class names from location [META-INF/spring.factories]: [org.springframework.test.context.web.ServletTestExecutionListener, org.springframework.test.context.support.DirtiesContextBeforeModesTestExecutionListener, org.springframework.test.context.support.DependencyInjectionTestExecutionListener, org.springframework.test.context.support.DirtiesContextTestExecutionListener, org.springframework.test.context.transaction.TransactionalTestExecutionListener, org.springframework.test.context.jdbc.SqlScriptsTestExecutionListener]
[INFO][main][2018-04-25 20:18:00][org.springframework.test.context.support.AbstractTestContextBootstrapper] - Using TestExecutionListeners: [org.springframework.test.context.web.ServletTestExecutionListener@5c7fa833, org.springframework.test.context.support.DirtiesContextBeforeModesTestExecutionListener@39aeed2f, org.springframework.test.context.support.DependencyInjectionTestExecutionListener@724af044, org.springframework.test.context.support.DirtiesContextTestExecutionListener@4678c730, org.springframework.test.context.transaction.TransactionalTestExecutionListener@6767c1fc, org.springframework.test.context.jdbc.SqlScriptsTestExecutionListener@29ee9faa]
[INFO][main][2018-04-25 20:18:01][org.springframework.beans.factory.xml.XmlBeanDefinitionReader] - Loading XML bean definitions from class path resource [spring/spring-dao.xml]
[INFO][main][2018-04-25 20:18:01][org.springframework.context.support.AbstractApplicationContext] - Refreshing org.springframework.context.support.GenericApplicationContext@6e1567f1: startup date [Wed Apr 25 20:18:01 CST 2018]; root of context hierarchy
[INFO][main][2018-04-25 20:18:01][org.springframework.core.io.support.PropertiesLoaderSupport] - Loading properties file from class path resource [dbinfo.properties]
[INFO][main][2018-04-25 20:18:01][org.springframework.beans.factory.annotation.AutowiredAnnotationBeanPostProcessor] - JSR-330 'javax.inject.Inject' annotation found and supported for autowiring
[INFO][main][2018-04-25 20:18:02][com.alibaba.druid.pool.DruidDataSource] - {dataSource-1} inited
[INFO][main][2018-04-25 20:18:03][org.springframework.context.support.AbstractApplicationContext] - Refreshing org.springframework.context.support.ClassPathXmlApplicationContext@6933b6c6: startup date [Wed Apr 25 20:18:03 CST 2018]; root of context hierarchy
[INFO][main][2018-04-25 20:18:03][org.springframework.beans.factory.xml.XmlBeanDefinitionReader] - Loading XML bean definitions from class path resource [spring/spring-service.xml]
[INFO][main][2018-04-25 20:18:03][org.springframework.beans.factory.xml.XmlBeanDefinitionReader] - Loading XML bean definitions from class path resource [spring/spring-dao.xml]
[INFO][main][2018-04-25 20:18:03][org.springframework.beans.factory.support.DefaultListableBeanFactory] - Overriding bean definition for bean 'dataSource' with a different definition: replacing [Root bean: class [org.springframework.jdbc.datasource.embedded.EmbeddedDatabaseFactoryBean]; scope=; abstract=false; lazyInit=false; autowireMode=0; dependencyCheck=0; autowireCandidate=true; primary=false; factoryBeanName=null; factoryMethodName=null; initMethodName=null; destroyMethodName=null] with [Generic bean: class [com.alibaba.druid.pool.DruidDataSource]; scope=; abstract=false; lazyInit=false; autowireMode=0; dependencyCheck=0; autowireCandidate=true; primary=false; factoryBeanName=null; factoryMethodName=null; initMethodName=init; destroyMethodName=close; defined in class path resource [spring/spring-dao.xml]]
[INFO][main][2018-04-25 20:18:03][org.springframework.core.io.support.PropertiesLoaderSupport] - Loading properties file from class path resource [dbinfo.properties]
[INFO][main][2018-04-25 20:18:03][org.springframework.beans.factory.annotation.AutowiredAnnotationBeanPostProcessor] - JSR-330 'javax.inject.Inject' annotation found and supported for autowiring
[INFO][main][2018-04-25 20:18:03][com.alibaba.druid.pool.DruidDataSource] - {dataSource-2} inited
[INFO][Thread-1][2018-04-25 20:18:03][org.springframework.context.support.AbstractApplicationContext] - Closing org.springframework.context.support.GenericApplicationContext@6e1567f1: startup date [Wed Apr 25 20:18:01 CST 2018]; root of context hierarchy
[INFO][Thread-1][2018-04-25 20:18:03][com.alibaba.druid.pool.DruidDataSource] - {dataSource-1} closed
[INFO][main][2018-04-25 20:18:13][org.springframework.test.context.support.AbstractTestContextBootstrapper] - Loaded default TestExecutionListener class names from location [META-INF/spring.factories]: [org.springframework.test.context.web.ServletTestExecutionListener, org.springframework.test.context.support.DirtiesContextBeforeModesTestExecutionListener, org.springframework.test.context.support.DependencyInjectionTestExecutionListener, org.springframework.test.context.support.DirtiesContextTestExecutionListener, org.springframework.test.context.transaction.TransactionalTestExecutionListener, org.springframework.test.context.jdbc.SqlScriptsTestExecutionListener]
[INFO][main][2018-04-25 20:18:13][org.springframework.test.context.support.AbstractTestContextBootstrapper] - Using TestExecutionListeners: [org.springframework.test.context.web.ServletTestExecutionListener@5c7fa833, org.springframework.test.context.support.DirtiesContextBeforeModesTestExecutionListener@39aeed2f, org.springframework.test.context.support.DependencyInjectionTestExecutionListener@724af044, org.springframework.test.context.support.DirtiesContextTestExecutionListener@4678c730, org.springframework.test.context.transaction.TransactionalTestExecutionListener@6767c1fc, org.springframework.test.context.jdbc.SqlScriptsTestExecutionListener@29ee9faa]
[INFO][main][2018-04-25 20:18:14][org.springframework.beans.factory.xml.XmlBeanDefinitionReader] - Loading XML bean definitions from class path resource [spring/spring-dao.xml]
[INFO][main][2018-04-25 20:18:14][org.springframework.context.support.AbstractApplicationContext] - Refreshing org.springframework.context.support.GenericApplicationContext@6e1567f1: startup date [Wed Apr 25 20:18:14 CST 2018]; root of context hierarchy
[INFO][main][2018-04-25 20:18:14][org.springframework.core.io.support.PropertiesLoaderSupport] - Loading properties file from class path resource [dbinfo.properties]
[INFO][main][2018-04-25 20:18:14][org.springframework.beans.factory.annotation.AutowiredAnnotationBeanPostProcessor] - JSR-330 'javax.inject.Inject' annotation found and supported for autowiring
[INFO][main][2018-04-25 20:18:15][com.alibaba.druid.pool.DruidDataSource] - {dataSource-1} inited
[INFO][main][2018-04-25 20:18:15][org.springframework.context.support.AbstractApplicationContext] - Refreshing org.springframework.context.support.ClassPathXmlApplicationContext@6933b6c6: startup date [Wed Apr 25 20:18:15 CST 2018]; root of context hierarchy
[INFO][main][2018-04-25 20:18:15][org.springframework.beans.factory.xml.XmlBeanDefinitionReader] - Loading XML bean definitions from class path resource [spring/spring-service.xml]
[INFO][main][2018-04-25 20:18:15][org.springframework.beans.factory.xml.XmlBeanDefinitionReader] - Loading XML bean definitions from class path resource [spring/spring-dao.xml]
[INFO][main][2018-04-25 20:18:15][org.springframework.beans.factory.support.DefaultListableBeanFactory] - Overriding bean definition for bean 'dataSource' with a different definition: replacing [Root bean: class [org.springframework.jdbc.datasource.embedded.EmbeddedDatabaseFactoryBean]; scope=; abstract=false; lazyInit=false; autowireMode=0; dependencyCheck=0; autowireCandidate=true; primary=false; factoryBeanName=null; factoryMethodName=null; initMethodName=null; destroyMethodName=null] with [Generic bean: class [com.alibaba.druid.pool.DruidDataSource]; scope=; abstract=false; lazyInit=false; autowireMode=0; dependencyCheck=0; autowireCandidate=true; primary=false; factoryBeanName=null; factoryMethodName=null; initMethodName=init; destroyMethodName=close; defined in class path resource [spring/spring-dao.xml]]
[INFO][main][2018-04-25 20:18:15][org.springframework.core.io.support.PropertiesLoaderSupport] - Loading properties file from class path resource [dbinfo.properties]
[INFO][main][2018-04-25 20:18:15][org.springframework.beans.factory.annotation.AutowiredAnnotationBeanPostProcessor] - JSR-330 'javax.inject.Inject' annotation found and supported for autowiring
[INFO][main][2018-04-25 20:18:16][com.alibaba.druid.pool.DruidDataSource] - {dataSource-2} inited
[INFO][Thread-1][2018-04-25 20:18:16][org.springframework.context.support.AbstractApplicationContext] - Closing org.springframework.context.support.GenericApplicationContext@6e1567f1: startup date [Wed Apr 25 20:18:14 CST 2018]; root of context hierarchy
[INFO][Thread-1][2018-04-25 20:18:16][com.alibaba.druid.pool.DruidDataSource] - {dataSource-1} closed
